#
# There is insufficient memory for the Java Runtime Environment to continue.
# Native memory allocation (mmap) failed to map 201326592 bytes for Failed to commit area from 0x0000000741e00000 to 0x000000074de00000 of length 201326592.
# Possible reasons:
#   The system is out of physical RAM or swap space
#   The process is running with CompressedOops enabled, and the Java Heap may be blocking the growth of the native heap
# Possible solutions:
#   Reduce memory load on the system
#   Increase physical memory or swap space
#   Check if swap backing store is full
#   Decrease Java heap size (-Xmx/-Xms)
#   Decrease number of Java threads
#   Decrease Java thread stack sizes (-Xss)
#   Set larger code cache with -XX:ReservedCodeCacheSize=
# This output file may be truncated or incomplete.
#
#  Out of Memory Error (./src/hotspot/os/windows/os_windows.cpp:3624), pid=10544, tid=15808
#
# JRE version:  (11.0.14.1+1) (build )
# Java VM: OpenJDK 64-Bit Server VM (11.0.14.1+1-b1751.46, mixed mode, sharing, tiered, compressed oops, g1 gc, windows-amd64)
# No core dump will be written. Minidumps are not enabled by default on client versions of Windows
#

---------------  S U M M A R Y ------------

Command Line: git4idea.nativessh.GitNativeSshAskPassApp Enter passphrase for key '/c/Users/amina/.ssh/id_ed25519': 

Host: Intel(R) Core(TM) i5-4300M CPU @ 2.60GHz, 4 cores, 11G,  Windows 10 , 64 bit Build 19041 (10.0.19041.2546)
Time: Tue Apr 22 17:37:35 2025 Argentina Standard Time elapsed time: 0.042573 seconds (0d 0h 0m 0s)

---------------  T H R E A D  ---------------

Current thread (0x0000022866b27000):  JavaThread "Unknown thread" [_thread_in_vm, id=15808, stack(0x00000037b4e00000,0x00000037b4f00000)]

Stack: [0x00000037b4e00000,0x00000037b4f00000]
Native frames: (J=compiled Java code, j=interpreted, Vv=VM code, C=native code)
V  [jvm.dll+0x61601a]
V  [jvm.dll+0x79c3b0]
V  [jvm.dll+0x79d9cd]
V  [jvm.dll+0x79e0a3]
V  [jvm.dll+0x24ca38]
V  [jvm.dll+0x613074]
V  [jvm.dll+0x607d75]
V  [jvm.dll+0x30b05b]
V  [jvm.dll+0x30afca]
V  [jvm.dll+0x30aea2]
V  [jvm.dll+0x30fde6]
V  [jvm.dll+0x35b473]
V  [jvm.dll+0x35bb76]
V  [jvm.dll+0x35b573]
V  [jvm.dll+0x2e57b8]
V  [jvm.dll+0x2e6967]
V  [jvm.dll+0x779377]
V  [jvm.dll+0x77ab6c]
V  [jvm.dll+0x368a19]
V  [jvm.dll+0x75ce8e]
V  [jvm.dll+0x3d6aa3]
V  [jvm.dll+0x3d8ff1]
C  [jli.dll+0x536b]
C  [ucrtbase.dll+0x21bb2]
C  [KERNEL32.DLL+0x17614]
C  [ntdll.dll+0x526a1]


---------------  P R O C E S S  ---------------

Threads class SMR info:
_java_thread_list=0x00000228649a5470, length=0, elements={
}

Java Threads: ( => current thread )

Other Threads:
  0x0000022866b3a000 GCTaskThread "GC Thread#0" [stack: 0x00000037b4f00000,0x00000037b5000000] [id=1852]
  0x0000022866b80000 ConcurrentGCThread "G1 Main Marker" [stack: 0x00000037b5000000,0x00000037b5100000] [id=10320]
  0x0000022866b82800 ConcurrentGCThread "G1 Conc#0" [stack: 0x00000037b5100000,0x00000037b5200000] [id=12624]

[error occurred during error reporting (printing all threads), id 0xc0000005, EXCEPTION_ACCESS_VIOLATION (0xc0000005) at pc=0x00007ffd17445f37]

VM state:not at safepoint (not fully initialized)

VM Mutex/Monitor currently owned by a thread:  ([mutex/lock_event])
[0x0000022866b24660] Heap_lock - owner thread: 0x0000022866b27000

Heap address: 0x0000000741e00000, size: 3042 MB, Compressed Oops mode: Non-zero based: 0x0000000741e00000
Narrow klass base: 0x0000000000000000, Narrow klass shift: 0

GC Heap History (0 events):
No events

Deoptimization events (0 events):
No events

Classes redefined (0 events):
No events

Internal exceptions (0 events):
No events

Events (1 events):
Event: 0.026 Loaded shared library C:\Program Files\JetBrains\PyCharm 2021.3.3\jbr\bin\zip.dll


Dynamic libraries:
0x00007ff684dc0000 - 0x00007ff684dca000 	C:\Program Files\JetBrains\PyCharm 2021.3.3\jbr\bin\java.exe
0x00007ffd7a350000 - 0x00007ffd7a548000 	C:\WINDOWS\SYSTEM32\ntdll.dll
0x00007ffd79130000 - 0x00007ffd791ef000 	C:\WINDOWS\System32\KERNEL32.DLL
0x00007ffd77c00000 - 0x00007ffd77ed2000 	C:\WINDOWS\System32\KERNELBASE.dll
0x00007ffd78270000 - 0x00007ffd78370000 	C:\WINDOWS\System32\ucrtbase.dll
0x00007ffd67ee0000 - 0x00007ffd67ef9000 	C:\Program Files\JetBrains\PyCharm 2021.3.3\jbr\bin\jli.dll
0x00007ffd79520000 - 0x00007ffd796c1000 	C:\WINDOWS\System32\USER32.dll
0x00007ffd78010000 - 0x00007ffd78032000 	C:\WINDOWS\System32\win32u.dll
0x00007ffd79050000 - 0x00007ffd7907b000 	C:\WINDOWS\System32\GDI32.dll
0x00007ffd67b90000 - 0x00007ffd67e2a000 	C:\WINDOWS\WinSxS\amd64_microsoft.windows.common-controls_6595b64144ccf1df_6.0.19041.1110_none_60b5254171f9507e\COMCTL32.dll
0x00007ffd78160000 - 0x00007ffd7826f000 	C:\WINDOWS\System32\gdi32full.dll
0x00007ffd78f20000 - 0x00007ffd78fbe000 	C:\WINDOWS\System32\msvcrt.dll
0x00007ffd77ee0000 - 0x00007ffd77f7d000 	C:\WINDOWS\System32\msvcp_win.dll
0x00007ffd68100000 - 0x00007ffd68116000 	C:\Program Files\JetBrains\PyCharm 2021.3.3\jbr\bin\VCRUNTIME140.dll
0x00007ffd78fc0000 - 0x00007ffd78ff0000 	C:\WINDOWS\System32\IMM32.DLL
0x00007ffd587e0000 - 0x00007ffd5888a000 	C:\Program Files\JetBrains\PyCharm 2021.3.3\jbr\bin\msvcp140.dll
0x00007ffd17150000 - 0x00007ffd17cca000 	C:\Program Files\JetBrains\PyCharm 2021.3.3\jbr\bin\server\jvm.dll
0x00007ffd79080000 - 0x00007ffd7912e000 	C:\WINDOWS\System32\ADVAPI32.dll
0x00007ffd78d50000 - 0x00007ffd78dec000 	C:\WINDOWS\System32\sechost.dll
0x00007ffd78620000 - 0x00007ffd78744000 	C:\WINDOWS\System32\RPCRT4.dll
0x00007ffd793b0000 - 0x00007ffd793b8000 	C:\WINDOWS\System32\PSAPI.DLL
0x00007ffd63b90000 - 0x00007ffd63b99000 	C:\WINDOWS\SYSTEM32\WSOCK32.dll
0x00007ffd63e60000 - 0x00007ffd63e87000 	C:\WINDOWS\SYSTEM32\WINMM.dll
0x00007ffd68120000 - 0x00007ffd6812a000 	C:\WINDOWS\SYSTEM32\VERSION.dll
0x00007ffd79e30000 - 0x00007ffd79e9b000 	C:\WINDOWS\System32\WS2_32.dll
0x00007ffd758d0000 - 0x00007ffd758e2000 	C:\WINDOWS\SYSTEM32\kernel.appcore.dll
0x00007ffd68c90000 - 0x00007ffd68ca1000 	C:\Program Files\JetBrains\PyCharm 2021.3.3\jbr\bin\verify.dll
0x00007ffd63c10000 - 0x00007ffd63df4000 	C:\WINDOWS\SYSTEM32\DBGHELP.DLL
0x00007ffd631e0000 - 0x00007ffd63215000 	C:\WINDOWS\SYSTEM32\dbgcore.DLL
0x00007ffd77f80000 - 0x00007ffd78002000 	C:\WINDOWS\System32\bcryptPrimitives.dll
0x00007ffd68c60000 - 0x00007ffd68c89000 	C:\Program Files\JetBrains\PyCharm 2021.3.3\jbr\bin\java.dll
0x00007ffd6ace0000 - 0x00007ffd6aceb000 	C:\Program Files\JetBrains\PyCharm 2021.3.3\jbr\bin\jimage.dll
0x00007ffd666c0000 - 0x00007ffd666d9000 	C:\Program Files\JetBrains\PyCharm 2021.3.3\jbr\bin\zip.dll

dbghelp: loaded successfully - version: 4.0.5 - missing functions: none
symbol engine: initialized successfully - sym options: 0x614 - pdb path: .;C:\Program Files\JetBrains\PyCharm 2021.3.3\jbr\bin;C:\WINDOWS\SYSTEM32;C:\WINDOWS\WinSxS\amd64_microsoft.windows.common-controls_6595b64144ccf1df_6.0.19041.1110_none_60b5254171f9507e;C:\Program Files\JetBrains\PyCharm 2021.3.3\jbr\bin\server

VM Arguments:
java_command: git4idea.nativessh.GitNativeSshAskPassApp Enter passphrase for key '/c/Users/amina/.ssh/id_ed25519': 
java_class_path (initial): C:/Program Files/JetBrains/PyCharm 2021.3.3/plugins/git4idea/lib/git4idea-rt.jar;C:/Program Files/JetBrains/PyCharm 2021.3.3/lib/3rd-party.jar;C:/Program Files/JetBrains/PyCharm 2021.3.3/lib/3rd-party-rt.jar
Launcher Type: SUN_STANDARD

[Global flags]
     intx CICompilerCount                          = 3                                         {product} {ergonomic}
     uint ConcGCThreads                            = 1                                         {product} {ergonomic}
     uint G1ConcRefinementThreads                  = 4                                         {product} {ergonomic}
   size_t G1HeapRegionSize                         = 1048576                                   {product} {ergonomic}
    uintx GCDrainStackTargetSize                   = 64                                        {product} {ergonomic}
   size_t InitialHeapSize                          = 201326592                                 {product} {ergonomic}
   size_t MarkStackSize                            = 4194304                                   {product} {ergonomic}
   size_t MaxHeapSize                              = 3189768192                                {product} {ergonomic}
   size_t MinHeapDeltaBytes                        = 1048576                                   {product} {ergonomic}
    uintx NonNMethodCodeHeapSize                   = 5830732                                {pd product} {ergonomic}
    uintx NonProfiledCodeHeapSize                  = 122913754                              {pd product} {ergonomic}
    uintx ProfiledCodeHeapSize                     = 122913754                              {pd product} {ergonomic}
    uintx ReservedCodeCacheSize                    = 251658240                              {pd product} {ergonomic}
     bool SegmentedCodeCache                       = true                                      {product} {ergonomic}
     bool UseCompressedClassPointers               = true                                 {lp64_product} {ergonomic}
     bool UseCompressedOops                        = true                                 {lp64_product} {ergonomic}
     bool UseG1GC                                  = true                                      {product} {ergonomic}
     bool UseLargePagesIndividualAllocation        = false                                  {pd product} {ergonomic}

Logging:
Log output configuration:
 #0: stdout all=warning uptime,level,tags
 #1: stderr all=off uptime,level,tags

Environment Variables:
PATH=C:\Program Files\Git\mingw64\libexec\git-core;C:\Program Files\Git\mingw64\bin;C:\Program Files\Git\usr\bin;C:\Users\amina\bin;F:\main_bermooda\Bermooda_backend\venv\Scripts;C:\Users\amina\AppData\Local\Programs\cursor\resources\app\bin;C:\Program Files (x86)\VMware\VMware Workstation\bin;C:\WINDOWS\system32;C:\WINDOWS;C:\WINDOWS\System32\Wbem;C:\WINDOWS\System32\WindowsPowerShell\v1.0;C:\WINDOWS\System32\OpenSSH;C:\Program Files\Git\cmd;C:\Program Files\dotnet;C:\Program Files\nodejs;C:\Program Files\WireGuard;E:\amin\acccc\sdkkkkk\platform-tools;C:\Users\amina\AppData\Local\Microsoft\WindowsApps;C:\Users\amina\AppData\Roaming\npm;C:\Windows.old\Users\amina\AppData\Local\Programs\Hyper\resources\bin;C:\Users\amina\AppData\Local\Programs\cursor\resources\app\bin;C:\Users\amina\AppData\Local\Programs\cursor\resources\app\bin;C:\Program Files\WireSock VPN Client\bin;C:\Program Files\Docker\Docker\resources\bin;C:\Program Files (x86)\Bitvise SSH Client;C:\Users\amina\AppData\Local\Microsoft\WindowsApps;C:\Users\amina\AppData\Roaming\npm;C:\Windows.old\Users\amina\AppData\Local\Programs\Hyper\resources\bin;C:\Users\amina\AppData\Local\GitHubDesktop\bin;C:\Program Files\JetBrains\PyCharm 2021.3.3\bin
USERNAME=amina
DISPLAY=:0.0
LC_ALL=en_US.UTF-8
OS=Windows_NT
PROCESSOR_IDENTIFIER=Intel64 Family 6 Model 60 Stepping 3, GenuineIntel



---------------  S Y S T E M  ---------------

OS: Windows 10 , 64 bit Build 19041 (10.0.19041.2546)
OS uptime: 3 days 1:47 hours
Hyper-V role detected

CPU:total 4 (initial active 4) (2 cores per cpu, 2 threads per core) family 6 model 60 stepping 3 microcode 0x27, cmov, cx8, fxsr, mmx, sse, sse2, sse3, ssse3, sse4.1, sse4.2, popcnt, avx, avx2, aes, clmul, erms, lzcnt, ht, tsc, tscinvbit, bmi1, bmi2, fma

Memory: 4k page, system-wide physical 12164M (3673M free)
TotalPageFile size 21431M (AvailPageFile size 115M)
current process WorkingSet (physical memory assigned to process): 10M, peak: 10M
current process commit charge ("private bytes"): 51M, peak: 243M

vm_info: OpenJDK 64-Bit Server VM (11.0.14.1+1-b1751.46) for windows-amd64 JRE (11.0.14.1+1-b1751.46), built on Feb 21 2022 15:19:20 by "" with MS VC++ 14.0 (VS2015)

END.
